# JRE version: OpenJDK Runtime Environment (18.0.2.1+1) (build 18.0.2.1+1-1)
# Java VM: OpenJDK 64-Bit Server VM (18.0.2.1+1-1, mixed mode, emulated-client, sharing, tiered, compressed oops, compressed class ptrs, g1 gc, windows-amd64)
GC Precious Log:
 CardTable entry size: 512
 Card Set container configuration: InlinePtr #cards 5 size 8 Array Of Cards #cards 12 size 40 Howl #buckets 4 coarsen threshold 1843 Howl Bitmap #cards 512 size 80 coarsen threshold 460 Card regions per heap region 1 cards per card region 2048
 CPUs: 4 total, 4 available
 Memory: 6018M
 Large Page Support: Disabled
 NUMA Support: Disabled
 Compressed Oops: Enabled (32-bit)
 Heap Region Size: 1M
 Heap Min Capacity: 8M
 Heap Initial Capacity: 96M
 Heap Max Capacity: 1506M
 Pre-touch: Disabled
 Parallel Workers: 4
 Concurrent Workers: 1
 Concurrent Refinement Workers: 4
 Periodic GC: Disabled
Heap:
 garbage-first heap   total 144384K, used 55950K [0x00000000a1e00000, 0x0000000100000000)
  region size 1024K, 28 young (28672K), 7 survivors (7168K)
 Metaspace       used 73532K, committed 74304K, reserved 1114112K
  class space    used 10620K, committed 11008K, reserved 1048576K
GC Heap History (20 events):
Event: 30.312 GC heap before
{Heap before GC invocations=18 (full 0):
 garbage-first heap   total 55296K, used 43581K [0x00000000a1e00000, 0x0000000100000000)
  region size 1024K, 21 young (21504K), 2 survivors (2048K)
 Metaspace       used 53173K, committed 53824K, reserved 1114112K
  class space    used 7492K, committed 7808K, reserved 1048576K
}
Event: 30.316 GC heap after
{Heap after GC invocations=19 (full 0):
 garbage-first heap   total 55296K, used 24647K [0x00000000a1e00000, 0x0000000100000000)
  region size 1024K, 2 young (2048K), 2 survivors (2048K)
 Metaspace       used 53173K, committed 53824K, reserved 1114112K
  class space    used 7492K, committed 7808K, reserved 1048576K
}
Event: 48.734 GC heap before
{Heap before GC invocations=19 (full 0):
 garbage-first heap   total 55296K, used 44103K [0x00000000a1e00000, 0x0000000100000000)
  region size 1024K, 22 young (22528K), 2 survivors (2048K)
 Metaspace       used 56288K, committed 56896K, reserved 1114112K
  class space    used 7900K, committed 8192K, reserved 1048576K
}
Event: 48.740 GC heap after
{Heap after GC invocations=20 (full 0):
 garbage-first heap   total 55296K, used 26624K [0x00000000a1e00000, 0x0000000100000000)
  region size 1024K, 3 young (3072K), 3 survivors (3072K)
 Metaspace       used 56288K, committed 56896K, reserved 1114112K
  class space    used 7900K, committed 8192K, reserved 1048576K
}
Event: 49.154 GC heap before
{Heap before GC invocations=20 (full 0):
 garbage-first heap   total 55296K, used 45056K [0x00000000a1e00000, 0x0000000100000000)
  region size 1024K, 21 young (21504K), 3 survivors (3072K)
 Metaspace       used 58484K, committed 59200K, reserved 1114112K
  class space    used 8247K, committed 8576K, reserved 1048576K
}
Event: 49.161 GC heap after
{Heap after GC invocations=21 (full 0):
 garbage-first heap   total 55296K, used 27992K [0x00000000a1e00000, 0x0000000100000000)
  region size 1024K, 2 young (2048K), 2 survivors (2048K)
 Metaspace       used 58484K, committed 59200K, reserved 1114112K
  class space    used 8247K, committed 8576K, reserved 1048576K
}
Event: 49.364 GC heap before
{Heap before GC invocations=21 (full 0):
 garbage-first heap   total 55296K, used 40280K [0x00000000a1e00000, 0x0000000100000000)
  region size 1024K, 15 young (15360K), 2 survivors (2048K)
 Metaspace       used 59800K, committed 60416K, reserved 1114112K
  class space    used 8490K, committed 8768K, reserved 1048576K
}
Event: 49.368 GC heap after
{Heap after GC invocations=22 (full 0):
 garbage-first heap   total 55296K, used 28662K [0x00000000a1e00000, 0x0000000100000000)
  region size 1024K, 2 young (2048K), 2 survivors (2048K)
 Metaspace       used 59800K, committed 60416K, reserved 1114112K
  class space    used 8490K, committed 8768K, reserved 1048576K
}
Event: 49.649 GC heap before
{Heap before GC invocations=23 (full 0):
 garbage-first heap   total 55296K, used 42998K [0x00000000a1e00000, 0x0000000100000000)
  region size 1024K, 17 young (17408K), 2 survivors (2048K)
 Metaspace       used 61247K, committed 61888K, reserved 1114112K
  class space    used 8897K, committed 9216K, reserved 1048576K
}
Event: 49.654 GC heap after
{Heap after GC invocations=24 (full 0):
 garbage-first heap   total 55296K, used 30562K [0x00000000a1e00000, 0x0000000100000000)
  region size 1024K, 3 young (3072K), 3 survivors (3072K)
 Metaspace       used 61247K, committed 61888K, reserved 1114112K
  class space    used 8897K, committed 9216K, reserved 1048576K
}
Event: 49.658 GC heap before
{Heap before GC invocations=24 (full 0):
 garbage-first heap   total 55296K, used 31586K [0x00000000a1e00000, 0x0000000100000000)
  region size 1024K, 4 young (4096K), 3 survivors (3072K)
 Metaspace       used 61249K, committed 61888K, reserved 1114112K
  class space    used 8897K, committed 9216K, reserved 1048576K
}
Event: 49.662 GC heap after
{Heap after GC invocations=25 (full 0):
 garbage-first heap   total 55296K, used 29756K [0x00000000a1e00000, 0x0000000100000000)
  region size 1024K, 1 young (1024K), 1 survivors (1024K)
 Metaspace       used 61249K, committed 61888K, reserved 1114112K
  class space    used 8897K, committed 9216K, reserved 1048576K
}
Event: 49.812 GC heap before
{Heap before GC invocations=25 (full 0):
 garbage-first heap   total 55296K, used 43068K [0x00000000a1e00000, 0x0000000100000000)
  region size 1024K, 15 young (15360K), 1 survivors (1024K)
 Metaspace       used 62510K, committed 63168K, reserved 1114112K
  class space    used 9059K, committed 9344K, reserved 1048576K
}
Event: 49.815 GC heap after
{Heap after GC invocations=26 (full 0):
 garbage-first heap   total 55296K, used 31260K [0x00000000a1e00000, 0x0000000100000000)
  region size 1024K, 2 young (2048K), 2 survivors (2048K)
 Metaspace       used 62510K, committed 63168K, reserved 1114112K
  class space    used 9059K, committed 9344K, reserved 1048576K
}
Event: 49.998 GC heap before
{Heap before GC invocations=27 (full 0):
 garbage-first heap   total 68608K, used 44572K [0x00000000a1e00000, 0x0000000100000000)
  region size 1024K, 15 young (15360K), 2 survivors (2048K)
 Metaspace       used 62482K, committed 63232K, reserved 1114112K
  class space    used 9042K, committed 9344K, reserved 1048576K
}
Event: 50.001 GC heap after
{Heap after GC invocations=28 (full 0):
 garbage-first heap   total 68608K, used 30595K [0x00000000a1e00000, 0x0000000100000000)
  region size 1024K, 1 young (1024K), 1 survivors (1024K)
 Metaspace       used 62482K, committed 63232K, reserved 1114112K
  class space    used 9042K, committed 9344K, reserved 1048576K
}
Event: 50.358 GC heap before
{Heap before GC invocations=28 (full 0):
 garbage-first heap   total 68608K, used 54147K [0x00000000a1e00000, 0x0000000100000000)
  region size 1024K, 24 young (24576K), 1 survivors (1024K)
 Metaspace       used 63354K, committed 63872K, reserved 1114112K
  class space    used 9176K, committed 9408K, reserved 1048576K
}
Event: 50.362 GC heap after
{Heap after GC invocations=29 (full 0):
 garbage-first heap   total 144384K, used 31891K [0x00000000a1e00000, 0x0000000100000000)
  region size 1024K, 2 young (2048K), 2 survivors (2048K)
 Metaspace       used 63354K, committed 63872K, reserved 1114112K
  class space    used 9176K, committed 9408K, reserved 1048576K
}
Event: 167.009 GC heap before
{Heap before GC invocations=29 (full 0):
 garbage-first heap   total 144384K, used 115859K [0x00000000a1e00000, 0x0000000100000000)
  region size 1024K, 84 young (86016K), 2 survivors (2048K)
 Metaspace       used 71597K, committed 72320K, reserved 1114112K
  class space    used 10343K, committed 10688K, reserved 1048576K
}
Event: 167.029 GC heap after
{Heap after GC invocations=30 (full 0):
 garbage-first heap   total 144384K, used 36494K [0x00000000a1e00000, 0x0000000100000000)
  region size 1024K, 7 young (7168K), 7 survivors (7168K)
 Metaspace       used 71597K, committed 72320K, reserved 1114112K
  class space    used 10343K, committed 10688K, reserved 1048576K
}

